{
  "stats": {
    "suites": 1,
    "tests": 3,
    "passes": 3,
    "pending": 0,
    "failures": 0,
    "start": "2021-03-31T20:39:37.101Z",
    "end": "2021-03-31T20:39:37.121Z",
    "duration": 20,
    "testsRegistered": 3,
    "passPercent": 100,
    "pendingPercent": 0,
    "other": 0,
    "hasOther": false,
    "skipped": 0,
    "hasSkipped": false
  },
  "results": [
    {
      "uuid": "781d8601-f79e-4141-98b3-a51ea3c686dc",
      "title": "",
      "fullFile": "",
      "file": "",
      "beforeHooks": [],
      "afterHooks": [],
      "tests": [],
      "suites": [
        {
          "uuid": "3f6c7444-eb05-475d-b459-0c8857200889",
          "title": "Operaciones de dos numeros",
          "fullFile": "C:\\Users\\fasierra\\Documents\\NodeJs\\TestingWithMocha\\test\\test.js",
          "file": "\\test\\test.js",
          "beforeHooks": [
            {
              "title": "\"before all\" hook in \"Operaciones de dos numeros\"",
              "fullTitle": "Operaciones de dos numeros \"before all\" hook in \"Operaciones de dos numeros\"",
              "timedOut": false,
              "duration": 2,
              "state": null,
              "speed": null,
              "pass": false,
              "fail": false,
              "pending": false,
              "context": "\"some context\"",
              "code": "console.log(\"soy el before\");\naddContext(this, 'some context');",
              "err": {},
              "uuid": "0293d84d-2326-4613-a770-304cd6f70f2e",
              "parentUUID": "3f6c7444-eb05-475d-b459-0c8857200889",
              "isHook": true,
              "skipped": false
            },
            {
              "title": "\"before each\" hook in \"Operaciones de dos numeros\"",
              "fullTitle": "Operaciones de dos numeros \"before each\" hook in \"Operaciones de dos numeros\"",
              "timedOut": false,
              "duration": 0,
              "state": null,
              "speed": null,
              "pass": false,
              "fail": false,
              "pending": false,
              "context": null,
              "code": "console.log(\"Soy el before each\");",
              "err": {},
              "uuid": "ed2dc716-6081-4497-835a-a5aef3557005",
              "parentUUID": "3f6c7444-eb05-475d-b459-0c8857200889",
              "isHook": true,
              "skipped": false
            }
          ],
          "afterHooks": [
            {
              "title": "\"after all\" hook in \"Operaciones de dos numeros\"",
              "fullTitle": "Operaciones de dos numeros \"after all\" hook in \"Operaciones de dos numeros\"",
              "timedOut": false,
              "duration": 0,
              "state": null,
              "speed": null,
              "pass": false,
              "fail": false,
              "pending": false,
              "context": null,
              "code": "console.log(\"Soy el after\");",
              "err": {},
              "uuid": "42d583bf-8d6f-4528-a81d-d2e1469cc41b",
              "parentUUID": "3f6c7444-eb05-475d-b459-0c8857200889",
              "isHook": true,
              "skipped": false
            },
            {
              "title": "\"after each\" hook in \"Operaciones de dos numeros\"",
              "fullTitle": "Operaciones de dos numeros \"after each\" hook in \"Operaciones de dos numeros\"",
              "timedOut": false,
              "duration": 0,
              "state": null,
              "speed": null,
              "pass": false,
              "fail": false,
              "pending": false,
              "context": null,
              "code": "console.log(\"Soy el aftereach\");",
              "err": {},
              "uuid": "603ac89b-ea40-45f2-a11e-790676b01b13",
              "parentUUID": "3f6c7444-eb05-475d-b459-0c8857200889",
              "isHook": true,
              "skipped": false
            }
          ],
          "tests": [
            {
              "title": "Obtener el numero 3",
              "fullTitle": "Operaciones de dos numeros Obtener el numero 3",
              "timedOut": false,
              "duration": 1,
              "state": "passed",
              "speed": "fast",
              "pass": true,
              "fail": false,
              "pending": false,
              "context": null,
              "code": "assert.equal(calculator.suma(1, 2), 3);",
              "err": {},
              "uuid": "f9cf2b1a-d676-4845-acea-9ef5061f0a82",
              "parentUUID": "3f6c7444-eb05-475d-b459-0c8857200889",
              "isHook": false,
              "skipped": false
            },
            {
              "title": "Obtener el numero 4 de una multiplicacion",
              "fullTitle": "Operaciones de dos numeros Obtener el numero 4 de una multiplicacion",
              "timedOut": false,
              "duration": 0,
              "state": "passed",
              "speed": "fast",
              "pass": true,
              "fail": false,
              "pending": false,
              "context": null,
              "code": "assert.equal(calculator.multiplicar(2, 2), 4);",
              "err": {},
              "uuid": "73e9308d-38c2-4bfd-98bf-0589c0cb9611",
              "parentUUID": "3f6c7444-eb05-475d-b459-0c8857200889",
              "isHook": false,
              "skipped": false
            },
            {
              "title": "Comparar si es string",
              "fullTitle": "Operaciones de dos numeros Comparar si es string",
              "timedOut": false,
              "duration": 1,
              "state": "passed",
              "speed": "fast",
              "pass": true,
              "fail": false,
              "pending": false,
              "context": null,
              "code": "assert.typeOf(calculator.suma('1', '2'), 'string');",
              "err": {},
              "uuid": "7467df35-6426-43da-ad96-4b4da707a482",
              "parentUUID": "3f6c7444-eb05-475d-b459-0c8857200889",
              "isHook": false,
              "skipped": false
            }
          ],
          "suites": [],
          "passes": [
            "f9cf2b1a-d676-4845-acea-9ef5061f0a82",
            "73e9308d-38c2-4bfd-98bf-0589c0cb9611",
            "7467df35-6426-43da-ad96-4b4da707a482"
          ],
          "failures": [],
          "pending": [],
          "skipped": [],
          "duration": 2,
          "root": false,
          "rootEmpty": false,
          "_timeout": 2000
        }
      ],
      "passes": [],
      "failures": [],
      "pending": [],
      "skipped": [],
      "duration": 0,
      "root": true,
      "rootEmpty": true,
      "_timeout": 2000
    }
  ],
  "meta": {
    "mocha": {
      "version": "8.3.2"
    },
    "mochawesome": {
      "options": {
        "quiet": false,
        "reportFilename": "mochawesome",
        "saveHtml": true,
        "saveJson": true,
        "consoleReporter": "spec",
        "useInlineDiffs": false,
        "code": true
      },
      "version": "6.2.2"
    },
    "marge": {
      "options": null,
      "version": "5.2.0"
    }
  }
}