{"C:\\Users\\fasierra\\Documents\\NodeJs\\TestingWithJest\\upperCase.js": {"path":"C:\\Users\\fasierra\\Documents\\NodeJs\\TestingWithJest\\upperCase.js","statementMap":{"0":{"start":{"line":1,"column":0},"end":{"line":3,"column":2}},"1":{"start":{"line":2,"column":4},"end":{"line":2,"column":30}}},"fnMap":{"0":{"name":"(anonymous_0)","decl":{"start":{"line":1,"column":17},"end":{"line":1,"column":18}},"loc":{"start":{"line":1,"column":25},"end":{"line":3,"column":1}},"line":1}},"branchMap":{},"s":{"0":1,"1":1},"f":{"0":1},"b":{},"_coverageSchema":"1a1c01bbd47fc00a2c39e90264f33305004495a9","hash":"67a7501f7a592b1e44c555adf53e08320cbe3139"}
}
